<?xml version="1.0" encoding="utf-8"?><testsuites name="pytest tests"><testsuite name="pytest" errors="0" failures="0" skipped="0" tests="5" time="0.784" timestamp="2026-07-21T21:59:50.348102+00:00" hostname="agent-env-979f7527-2f43-4aef-9666-16efaba9b808"><testcase classname="tests.test_dropi_import" name="test_detect_column_map" time="0.000" /><testcase classname="tests.test_dropi_import" name="test_carrier_normalization" time="0.000" /><testcase classname="tests.test_dropi_import" name="test_combo_consolidation_and_recaudo_rule" time="0.070" /><testcase classname="tests.test_dropi_import" name="test_group_by_guia_when_no_id" time="0.014" /><testcase classname="tests.test_dropi_import" name="test_csv_supported" time="0.004" /></testsuite></testsuites>