<?xml version="1.0" encoding="utf-8"?><testsuites name="pytest tests"><testsuite name="pytest" errors="0" failures="0" skipped="0" tests="6" time="2.083" timestamp="2026-07-21T22:00:43.092562+00:00" hostname="agent-env-979f7527-2f43-4aef-9666-16efaba9b808"><testcase classname="tests.test_dropi_api" name="test_preview_metrics" time="0.561" /><testcase classname="tests.test_dropi_api" name="test_preview_consolidated_combo_shape" time="0.000" /><testcase classname="tests.test_dropi_api" name="test_import_and_dedup" time="0.317" /><testcase classname="tests.test_dropi_api" name="test_order_persisted" time="0.108" /><testcase classname="tests.test_dropi_api" name="test_prompt_vars_combo" time="0.177" /><testcase classname="tests.test_dropi_api" name="test_no_id_column_grouped_by_guia" time="0.151" /></testsuite></testsuites>