<?xml version="1.0" encoding="utf-8"?><testsuites name="pytest tests"><testsuite name="pytest" errors="0" failures="1" skipped="0" tests="14" time="3.271" timestamp="2026-07-31T20:57:36.871460+00:00" hostname="agent-env-979f7527-2f43-4aef-9666-16efaba9b808"><testcase classname="tests.test_iteration22" name="test_templates_exact" time="0.834"><failure message="AssertionError: 'impermeable' found in personalizado&#10;assert ('impermeable' not in &quot;eres una op...ntifluido').&quot;&#10;  &#10;  'impermeable' is contained here:&#10;    eres una operadora especializada en… (personaliza aquí). máx 2 frases por turno. nunca digas 'impermeable' (usa 'antifluido').&#10;  ?                                                                                               +++++++++++ or 'nunca impermeable' in &quot;eres una operadora especializada en… (personaliza aquí). máx 2 frases por turno. nunca digas 'impermeable' (usa 'antifluido').&quot;)&#10; +  where &quot;eres una operadora especializada en… (personaliza aquí). máx 2 frases por turno. nunca digas 'impermeable' (usa 'antifluido').&quot; = &lt;built-in method lower of str object at 0xfaafc0f6c960&gt;()&#10; +    where &lt;built-in method lower of str object at 0xfaafc0f6c960&gt; = &quot;Eres una operadora especializada en… (personaliza aquí). Máx 2 frases por turno. Nunca digas 'impermeable' (usa 'antifluido').&quot;.lower">backend/tests/test_iteration22.py:49: in test_templates_exact
    assert "impermeable" not in t["prompt"].lower() or "nunca impermeable" in t["prompt"].lower(), \
E   AssertionError: 'impermeable' found in personalizado
E   assert ('impermeable' not in "eres una op...ntifluido')."
E     
E     'impermeable' is contained here:
E       eres una operadora especializada en… (personaliza aquí). máx 2 frases por turno. nunca digas 'impermeable' (usa 'antifluido').
E     ?                                                                                               +++++++++++ or 'nunca impermeable' in "eres una operadora especializada en… (personaliza aquí). máx 2 frases por turno. nunca digas 'impermeable' (usa 'antifluido').")
E    +  where "eres una operadora especializada en… (personaliza aquí). máx 2 frases por turno. nunca digas 'impermeable' (usa 'antifluido')." = &lt;built-in method lower of str object at 0xfaafc0f6c960&gt;()
E    +    where &lt;built-in method lower of str object at 0xfaafc0f6c960&gt; = "Eres una operadora especializada en… (personaliza aquí). Máx 2 frases por turno. Nunca digas 'impermeable' (usa 'antifluido').".lower</failure></testcase><testcase classname="tests.test_iteration22" name="test_tools_7" time="0.043" /><testcase classname="tests.test_iteration22" name="test_consultar_disponibilidad" time="0.049" /><testcase classname="tests.test_iteration22" name="test_proximo_horario" time="0.045" /><testcase classname="tests.test_iteration22" name="test_money_guardrail" time="0.427" /><testcase classname="tests.test_iteration22" name="test_non_money_tools" time="0.173" /><testcase classname="tests.test_iteration22" name="test_calls_webhook" time="0.211" /><testcase classname="tests.test_iteration22" name="test_calls_list_auth" time="0.670" /><testcase classname="tests.test_iteration22" name="test_create_agent_beta" time="0.051" /><testcase classname="tests.test_iteration22" name="test_patch_agent" time="0.046" /><testcase classname="tests.test_iteration22" name="test_test_call_beta" time="0.044" /><testcase classname="tests.test_iteration22" name="test_legacy_tools_allowed" time="0.091" /><testcase classname="tests.test_iteration22" name="test_regression_agents_and_rules" time="0.090" /><testcase classname="tests.test_iteration22" name="test_cleanup" time="0.042" /></testsuite></testsuites>