<?xml version="1.0" encoding="utf-8"?><testsuites name="pytest tests"><testsuite name="pytest" errors="0" failures="0" skipped="0" tests="10" time="2.064" timestamp="2026-07-30T21:05:27.827644+00:00" hostname="agent-env-979f7527-2f43-4aef-9666-16efaba9b808"><testcase classname="tests.test_iteration_21" name="test_templates" time="0.567" /><testcase classname="tests.test_iteration_21" name="test_tools" time="0.074" /><testcase classname="tests.test_iteration_21" name="test_voices" time="0.078" /><testcase classname="tests.test_iteration_21" name="test_crud_flow" time="0.504" /><testcase classname="tests.test_iteration_21" name="test_invalid_tool" time="0.073" /><testcase classname="tests.test_iteration_21" name="test_missing_prompt" time="0.070" /><testcase classname="tests.test_iteration_21" name="test_agents_regression" time="0.071" /><testcase classname="tests.test_iteration_21" name="test_wa_rules" time="0.070" /><testcase classname="tests.test_iteration_21" name="test_config_providers" time="0.070" /><testcase classname="tests.test_iteration_21" name="test_auth_me" time="0.076" /></testsuite></testsuites>