<?xml version="1.0" encoding="utf-8"?><testsuites name="pytest tests"><testsuite name="pytest" errors="0" failures="4" skipped="0" tests="15" time="3.153" timestamp="2026-07-21T23:32:23.235245+00:00" hostname="agent-env-979f7527-2f43-4aef-9666-16efaba9b808"><testcase classname="tests.test_iteration_10.TestWhatsAppWindow" name="test_window_closed_for_new" time="0.197" /><testcase classname="tests.test_iteration_10.TestConfigProviders" name="test_providers_list" time="0.179" /><testcase classname="tests.test_iteration_10.TestConfigProviders" name="test_credentials_list_shape" time="0.132" /><testcase classname="tests.test_iteration_10.TestWhatsAppWindow" name="test_mark_inbound_opens" time="0.214" /><testcase classname="tests.test_iteration_10.TestConfigProviders" name="test_put_chatea_pro_and_mask" time="0.327" /><testcase classname="tests.test_iteration_10.TestWhatsAppWindow" name="test_contacts_list" time="0.177" /><testcase classname="tests.test_iteration_10.TestRegression" name="test_dropi_preview" time="0.106"><failure message="assert 405 == 200&#10; +  where 405 = &lt;Response [405]&gt;.status_code">backend/tests/test_iteration_10.py:176: in test_dropi_preview
    assert r.status_code == 200
E   assert 405 == 200
E    +  where 405 = &lt;Response [405]&gt;.status_code</failure></testcase><testcase classname="tests.test_iteration_10.TestConfigProviders" name="test_put_empty_removes_field" time="0.320"><failure message="AssertionError: {'provider': 'chatea_pro', 'fields': [{'name': 'api_key', 'label': 'API Token', 'is_secret': True, 'has_value': True}, {'name': 'base_url', 'label': 'Base URL', 'is_secret': False, 'has_value': True}], 'configured': True, 'origin': 'env', ...}&#10;assert True is False">backend/tests/test_iteration_10.py:74: in test_put_empty_removes_field
    assert f_api["has_value"] is False, cp
E   AssertionError: {'provider': 'chatea_pro', 'fields': [{'name': 'api_key', 'label': 'API Token', 'is_secret': True, 'has_value': True}, {'name': 'base_url', 'label': 'Base URL', 'is_secret': False, 'has_value': True}], 'configured': True, 'origin': 'env', ...}
E   assert True is False</failure></testcase><testcase classname="tests.test_iteration_10.TestRegression" name="test_products_match" time="0.130"><failure message="assert 404 == 200&#10; +  where 404 = &lt;Response [404]&gt;.status_code">backend/tests/test_iteration_10.py:180: in test_products_match
    assert r.status_code == 200
E   assert 404 == 200
E    +  where 404 = &lt;Response [404]&gt;.status_code</failure></testcase><testcase classname="tests.test_iteration_10.TestRegression" name="test_whatsapp_rules" time="0.171" /><testcase classname="tests.test_iteration_10.TestConfigProviders" name="test_delete_falls_back_env" time="0.341" /><testcase classname="tests.test_iteration_10.TestPrompts" name="test_generate_6block" time="1.654" /><testcase classname="tests.test_iteration_10.TestConfigProviders" name="test_test_endpoint_chatea" time="0.552" /><testcase classname="tests.test_iteration_10.TestConfigProviders" name="test_test_endpoint_telnyx_empty" time="0.268" /><testcase classname="tests.test_iteration_10.TestPrompts" name="test_seeded_prompts" time="0.120"><failure message="AssertionError: Eres Sofía, la asesora del equipo Litper (Colombia). Llamas a un cliente cuyo pedido está represado en oficina y necesit&#10;assert False&#10; +  where False = &lt;built-in method startswith of str object at 0xaeddab460430&gt;('# Personalidad')&#10; +    where &lt;built-in method startswith of str object at 0xaeddab460430&gt; = 'Eres Sofía, la asesora del equipo Litper (Colombia). Llamas a un cliente cuyo pedido está represado en oficina y necesitas que lo reclame ANTES de que se devuelva. Tono colombiano cálido, cercano, seguro. Español natural. Duración objetivo &lt; 60 segundos. Sé breve.\n\nREGLAS DURAS\n- NUNCA digas &quot;impermeable&quot; — SIEMPRE &quot;antifluido&quot;.\n- No prometas descuentos que no estén en {promo_name}.\n- Confirma identidad ANTES de dar detalles del pedido.\n\nFLUJO DE LA LLAMADA\n1) Saludo + verifica identidad: &quot;Hola, ¿hablo con {customer_first_name}?&quot;.\n2) Presenta el tema: &quot;Te llamo del equipo Litper. Tu pedido de {product_name} está represado en la oficina de {carrier_name} en {city} — {office_address}.&quot;\n3) Urgencia: &quot;Tienes {days_left} días para reclamarlo, {deadline_text}. Después el paquete se devuelve.&quot;\n4) Pide fecha exacta de recogida: &quot;¿Qué día exacto puedes ir a recogerlo?&quot;.\n5) Guía + total: &quot;El número de guía es {guia}. Total contra entrega: {total_to_pay}.&quot;\n6) Si el cliente no puede en {days_left} días, ofrece ticket de EXTENSIÓN Dropi (hasta 10 días adicionales) y confirma el día exacto.\n\nMANEJO DE OBJECIONES\n- &quot;Sí, lo recojo hoy/mañana&quot; → confirma fecha + agradece + cierra: &quot;Perfecto, te esperan con la guía {guia}.&quot;\n- &quot;En otro día&quot; → pregunta cuál. Si cabe en {days_left} días → confirma. Si no → ofrece extensión Dropi (max 10 d) y agenda el día.\n- &quot;Estoy de viaje&quot; → agenda extensión + confirma día exacto de regreso.\n- &quot;Ya no lo quiero&quot; → pregunta la razón. Si es precio, menciona {promo_name} a {promo_price} si aplica. Si insiste, marca cancelación educada.\n- &quot;Número equivocado&quot; → &quot;Perdona la molestia, gracias por atender.&quot; Cierra.\n- &quot;Ya lo recogí&quot; → &quot;¡Perfecto! ¿Me confirmas la guía {guia}? Gracias.&quot;\n- Silencio / voicemail → deja un mensaje corto de 12 segundos con guía y deadline.\n\nCIERRE\n- Confirma día + guía + agradece por nombre. &quot;Gracias {customer_first_name}, cualquier cosa nos escribes por WhatsApp.&quot;\n'.startswith&#10; +      where 'Eres Sofía, la asesora del equipo Litper (Colombia). Llamas a un cliente cuyo pedido está represado en oficina y necesitas que lo reclame ANTES de que se devuelva. Tono colombiano cálido, cercano, seguro. Español natural. Duración objetivo &lt; 60 segundos. Sé breve.\n\nREGLAS DURAS\n- NUNCA digas &quot;impermeable&quot; — SIEMPRE &quot;antifluido&quot;.\n- No prometas descuentos que no estén en {promo_name}.\n- Confirma identidad ANTES de dar detalles del pedido.\n\nFLUJO DE LA LLAMADA\n1) Saludo + verifica identidad: &quot;Hola, ¿hablo con {customer_first_name}?&quot;.\n2) Presenta el tema: &quot;Te llamo del equipo Litper. Tu pedido de {product_name} está represado en la oficina de {carrier_name} en {city} — {office_address}.&quot;\n3) Urgencia: &quot;Tienes {days_left} días para reclamarlo, {deadline_text}. Después el paquete se devuelve.&quot;\n4) Pide fecha exacta de recogida: &quot;¿Qué día exacto puedes ir a recogerlo?&quot;.\n5) Guía + total: &quot;El número de guía es {guia}. Total contra entrega: {total_to_pay}.&quot;\n6) Si el cliente no puede en {days_left} días, ofrece ticket de EXTENSIÓN Dropi (hasta 10 días adicionales) y confirma el día exacto.\n\nMANEJO DE OBJECIONES\n- &quot;Sí, lo recojo hoy/mañana&quot; → confirma fecha + agradece + cierra: &quot;Perfecto, te esperan con la guía {guia}.&quot;\n- &quot;En otro día&quot; → pregunta cuál. Si cabe en {days_left} días → confirma. Si no → ofrece extensión Dropi (max 10 d) y agenda el día.\n- &quot;Estoy de viaje&quot; → agenda extensión + confirma día exacto de regreso.\n- &quot;Ya no lo quiero&quot; → pregunta la razón. Si es precio, menciona {promo_name} a {promo_price} si aplica. Si insiste, marca cancelación educada.\n- &quot;Número equivocado&quot; → &quot;Perdona la molestia, gracias por atender.&quot; Cierra.\n- &quot;Ya lo recogí&quot; → &quot;¡Perfecto! ¿Me confirmas la guía {guia}? Gracias.&quot;\n- Silencio / voicemail → deja un mensaje corto de 12 segundos con guía y deadline.\n\nCIERRE\n- Confirma día + guía + agradece por nombre. &quot;Gracias {customer_first_name}, cualquier cosa nos escribes por WhatsApp.&quot;\n' = &lt;built-in method lstrip of str object at 0xaeddab460430&gt;()&#10; +        where &lt;built-in method lstrip of str object at 0xaeddab460430&gt; = 'Eres Sofía, la asesora del equipo Litper (Colombia). Llamas a un cliente cuyo pedido está represado en oficina y necesitas que lo reclame ANTES de que se devuelva. Tono colombiano cálido, cercano, seguro. Español natural. Duración objetivo &lt; 60 segundos. Sé breve.\n\nREGLAS DURAS\n- NUNCA digas &quot;impermeable&quot; — SIEMPRE &quot;antifluido&quot;.\n- No prometas descuentos que no estén en {promo_name}.\n- Confirma identidad ANTES de dar detalles del pedido.\n\nFLUJO DE LA LLAMADA\n1) Saludo + verifica identidad: &quot;Hola, ¿hablo con {customer_first_name}?&quot;.\n2) Presenta el tema: &quot;Te llamo del equipo Litper. Tu pedido de {product_name} está represado en la oficina de {carrier_name} en {city} — {office_address}.&quot;\n3) Urgencia: &quot;Tienes {days_left} días para reclamarlo, {deadline_text}. Después el paquete se devuelve.&quot;\n4) Pide fecha exacta de recogida: &quot;¿Qué día exacto puedes ir a recogerlo?&quot;.\n5) Guía + total: &quot;El número de guía es {guia}. Total contra entrega: {total_to_pay}.&quot;\n6) Si el cliente no puede en {days_left} días, ofrece ticket de EXTENSIÓN Dropi (hasta 10 días adicionales) y confirma el día exacto.\n\nMANEJO DE OBJECIONES\n- &quot;Sí, lo recojo hoy/mañana&quot; → confirma fecha + agradece + cierra: &quot;Perfecto, te esperan con la guía {guia}.&quot;\n- &quot;En otro día&quot; → pregunta cuál. Si cabe en {days_left} días → confirma. Si no → ofrece extensión Dropi (max 10 d) y agenda el día.\n- &quot;Estoy de viaje&quot; → agenda extensión + confirma día exacto de regreso.\n- &quot;Ya no lo quiero&quot; → pregunta la razón. Si es precio, menciona {promo_name} a {promo_price} si aplica. Si insiste, marca cancelación educada.\n- &quot;Número equivocado&quot; → &quot;Perdona la molestia, gracias por atender.&quot; Cierra.\n- &quot;Ya lo recogí&quot; → &quot;¡Perfecto! ¿Me confirmas la guía {guia}? Gracias.&quot;\n- Silencio / voicemail → deja un mensaje corto de 12 segundos con guía y deadline.\n\nCIERRE\n- Confirma día + guía + agradece por nombre. &quot;Gracias {customer_first_name}, cualquier cosa nos escribes por WhatsApp.&quot;\n'.lstrip">backend/tests/test_iteration_10.py:169: in test_seeded_prompts
    assert sp.lstrip().startswith("# Personalidad"), sp[:120]
E   AssertionError: Eres Sofía, la asesora del equipo Litper (Colombia). Llamas a un cliente cuyo pedido está represado en oficina y necesit
E   assert False
E    +  where False = &lt;built-in method startswith of str object at 0xaeddab460430&gt;('# Personalidad')
E    +    where &lt;built-in method startswith of str object at 0xaeddab460430&gt; = 'Eres Sofía, la asesora del equipo Litper (Colombia). Llamas a un cliente cuyo pedido está represado en oficina y necesitas que lo reclame ANTES de que se devuelva. Tono colombiano cálido, cercano, seguro. Español natural. Duración objetivo &lt; 60 segundos. Sé breve.\n\nREGLAS DURAS\n- NUNCA digas "impermeable" — SIEMPRE "antifluido".\n- No prometas descuentos que no estén en {promo_name}.\n- Confirma identidad ANTES de dar detalles del pedido.\n\nFLUJO DE LA LLAMADA\n1) Saludo + verifica identidad: "Hola, ¿hablo con {customer_first_name}?".\n2) Presenta el tema: "Te llamo del equipo Litper. Tu pedido de {product_name} está represado en la oficina de {carrier_name} en {city} — {office_address}."\n3) Urgencia: "Tienes {days_left} días para reclamarlo, {deadline_text}. Después el paquete se devuelve."\n4) Pide fecha exacta de recogida: "¿Qué día exacto puedes ir a recogerlo?".\n5) Guía + total: "El número de guía es {guia}. Total contra entrega: {total_to_pay}."\n6) Si el cliente no puede en {days_left} días, ofrece ticket de EXTENSIÓN Dropi (hasta 10 días adicionales) y confirma el día exacto.\n\nMANEJO DE OBJECIONES\n- "Sí, lo recojo hoy/mañana" → confirma fecha + agradece + cierra: "Perfecto, te esperan con la guía {guia}."\n- "En otro día" → pregunta cuál. Si cabe en {days_left} días → confirma. Si no → ofrece extensión Dropi (max 10 d) y agenda el día.\n- "Estoy de viaje" → agenda extensión + confirma día exacto de regreso.\n- "Ya no lo quiero" → pregunta la razón. Si es precio, menciona {promo_name} a {promo_price} si aplica. Si insiste, marca cancelación educada.\n- "Número equivocado" → "Perdona la molestia, gracias por atender." Cierra.\n- "Ya lo recogí" → "¡Perfecto! ¿Me confirmas la guía {guia}? Gracias."\n- Silencio / voicemail → deja un mensaje corto de 12 segundos con guía y deadline.\n\nCIERRE\n- Confirma día + guía + agradece por nombre. "Gracias {customer_first_name}, cualquier cosa nos escribes por WhatsApp."\n'.startswith
E    +      where 'Eres Sofía, la asesora del equipo Litper (Colombia). Llamas a un cliente cuyo pedido está represado en oficina y necesitas que lo reclame ANTES de que se devuelva. Tono colombiano cálido, cercano, seguro. Español natural. Duración objetivo &lt; 60 segundos. Sé breve.\n\nREGLAS DURAS\n- NUNCA digas "impermeable" — SIEMPRE "antifluido".\n- No prometas descuentos que no estén en {promo_name}.\n- Confirma identidad ANTES de dar detalles del pedido.\n\nFLUJO DE LA LLAMADA\n1) Saludo + verifica identidad: "Hola, ¿hablo con {customer_first_name}?".\n2) Presenta el tema: "Te llamo del equipo Litper. Tu pedido de {product_name} está represado en la oficina de {carrier_name} en {city} — {office_address}."\n3) Urgencia: "Tienes {days_left} días para reclamarlo, {deadline_text}. Después el paquete se devuelve."\n4) Pide fecha exacta de recogida: "¿Qué día exacto puedes ir a recogerlo?".\n5) Guía + total: "El número de guía es {guia}. Total contra entrega: {total_to_pay}."\n6) Si el cliente no puede en {days_left} días, ofrece ticket de EXTENSIÓN Dropi (hasta 10 días adicionales) y confirma el día exacto.\n\nMANEJO DE OBJECIONES\n- "Sí, lo recojo hoy/mañana" → confirma fecha + agradece + cierra: "Perfecto, te esperan con la guía {guia}."\n- "En otro día" → pregunta cuál. Si cabe en {days_left} días → confirma. Si no → ofrece extensión Dropi (max 10 d) y agenda el día.\n- "Estoy de viaje" → agenda extensión + confirma día exacto de regreso.\n- "Ya no lo quiero" → pregunta la razón. Si es precio, menciona {promo_name} a {promo_price} si aplica. Si insiste, marca cancelación educada.\n- "Número equivocado" → "Perdona la molestia, gracias por atender." Cierra.\n- "Ya lo recogí" → "¡Perfecto! ¿Me confirmas la guía {guia}? Gracias."\n- Silencio / voicemail → deja un mensaje corto de 12 segundos con guía y deadline.\n\nCIERRE\n- Confirma día + guía + agradece por nombre. "Gracias {customer_first_name}, cualquier cosa nos escribes por WhatsApp."\n' = &lt;built-in method lstrip of str object at 0xaeddab460430&gt;()
E    +        where &lt;built-in method lstrip of str object at 0xaeddab460430&gt; = 'Eres Sofía, la asesora del equipo Litper (Colombia). Llamas a un cliente cuyo pedido está represado en oficina y necesitas que lo reclame ANTES de que se devuelva. Tono colombiano cálido, cercano, seguro. Español natural. Duración objetivo &lt; 60 segundos. Sé breve.\n\nREGLAS DURAS\n- NUNCA digas "impermeable" — SIEMPRE "antifluido".\n- No prometas descuentos que no estén en {promo_name}.\n- Confirma identidad ANTES de dar detalles del pedido.\n\nFLUJO DE LA LLAMADA\n1) Saludo + verifica identidad: "Hola, ¿hablo con {customer_first_name}?".\n2) Presenta el tema: "Te llamo del equipo Litper. Tu pedido de {product_name} está represado en la oficina de {carrier_name} en {city} — {office_address}."\n3) Urgencia: "Tienes {days_left} días para reclamarlo, {deadline_text}. Después el paquete se devuelve."\n4) Pide fecha exacta de recogida: "¿Qué día exacto puedes ir a recogerlo?".\n5) Guía + total: "El número de guía es {guia}. Total contra entrega: {total_to_pay}."\n6) Si el cliente no puede en {days_left} días, ofrece ticket de EXTENSIÓN Dropi (hasta 10 días adicionales) y confirma el día exacto.\n\nMANEJO DE OBJECIONES\n- "Sí, lo recojo hoy/mañana" → confirma fecha + agradece + cierra: "Perfecto, te esperan con la guía {guia}."\n- "En otro día" → pregunta cuál. Si cabe en {days_left} días → confirma. Si no → ofrece extensión Dropi (max 10 d) y agenda el día.\n- "Estoy de viaje" → agenda extensión + confirma día exacto de regreso.\n- "Ya no lo quiero" → pregunta la razón. Si es precio, menciona {promo_name} a {promo_price} si aplica. Si insiste, marca cancelación educada.\n- "Número equivocado" → "Perdona la molestia, gracias por atender." Cierra.\n- "Ya lo recogí" → "¡Perfecto! ¿Me confirmas la guía {guia}? Gracias."\n- Silencio / voicemail → deja un mensaje corto de 12 segundos con guía y deadline.\n\nCIERRE\n- Confirma día + guía + agradece por nombre. "Gracias {customer_first_name}, cualquier cosa nos escribes por WhatsApp."\n'.lstrip</failure></testcase></testsuite></testsuites>