<?xml version="1.0" encoding="utf-8"?><testsuites name="pytest tests"><testsuite name="pytest" errors="0" failures="0" skipped="0" tests="11" time="2.386" timestamp="2026-07-24T19:49:26.296663+00:00" hostname="agent-env-979f7527-2f43-4aef-9666-16efaba9b808"><testcase classname="tests.test_auth_agents.TestAgents" name="test_list_agents_requires_api_key" time="0.184" /><testcase classname="tests.test_auth_agents.TestAuth" name="test_register_duplicate_returns_409" time="0.184" /><testcase classname="tests.test_auth_agents.TestAgents" name="test_list_agents_five" time="0.107" /><testcase classname="tests.test_auth_agents.TestAuth" name="test_register_new_user" time="0.377" /><testcase classname="tests.test_auth_agents.TestAgents" name="test_orchestrate_returns_chain" time="0.252" /><testcase classname="tests.test_auth_agents.TestBlacklist" name="test_blacklist_crud" time="0.907" /><testcase classname="tests.test_auth_agents.TestAuth" name="test_login_invalid_creds" time="0.342" /><testcase classname="tests.test_auth_agents.TestAuth" name="test_login_valid_and_me_and_logout" time="0.669" /><testcase classname="tests.test_auth_agents.TestAuth" name="test_me_no_cookie_401" time="0.113" /><testcase classname="tests.test_auth_agents.TestAuth" name="test_google_session_bogus_id" time="0.239" /><testcase classname="tests.test_auth_agents.TestAuth" name="test_google_session_missing_header" time="0.121" /></testsuite></testsuites>