<?xml version="1.0" encoding="utf-8"?><testsuites name="pytest tests"><testsuite name="pytest" errors="0" failures="0" skipped="0" tests="8" time="1.216" timestamp="2026-07-29T21:51:48.611846+00:00" hostname="agent-env-979f7527-2f43-4aef-9666-16efaba9b808"><testcase classname="tests.test_iteration_18" name="test_auth_me" time="0.495" /><testcase classname="tests.test_iteration_18" name="test_agents_five" time="0.051" /><testcase classname="tests.test_iteration_18" name="test_queue_empty" time="0.060" /><testcase classname="tests.test_iteration_18" name="test_orders_empty" time="0.056" /><testcase classname="tests.test_iteration_18" name="test_metrics_zero" time="0.053" /><testcase classname="tests.test_iteration_18" name="test_cascade_empty" time="0.051" /><testcase classname="tests.test_iteration_18" name="test_whatsapp_templates" time="0.053" /><testcase classname="tests.test_iteration_18" name="test_connectors_endpoint" time="0.053" /></testsuite></testsuites>