<?xml version="1.0" encoding="utf-8"?><testsuites name="pytest tests"><testsuite name="pytest" errors="0" failures="0" skipped="0" tests="16" time="2.594" timestamp="2026-07-21T22:56:59.365180+00:00" hostname="agent-env-979f7527-2f43-4aef-9666-16efaba9b808"><testcase classname="tests.test_iteration_8.TestWhatsAppRules" name="test_list_seeded" time="0.177" /><testcase classname="tests.test_iteration_8.TestPrompts" name="test_list_seeded" time="0.201" /><testcase classname="tests.test_iteration_8.TestWhatsAppRules" name="test_resolve_reclamo" time="0.125" /><testcase classname="tests.test_iteration_8.TestPrompts" name="test_create_campaign_prompt" time="0.268" /><testcase classname="tests.test_iteration_8.TestWhatsAppRules" name="test_resolve_no_oficina" time="0.115" /><testcase classname="tests.test_iteration_8.TestWhatsAppRules" name="test_resolve_extreme" time="0.114" /><testcase classname="tests.test_iteration_8.TestPrompts" name="test_resolve_campaign_wins" time="0.112" /><testcase classname="tests.test_iteration_8.TestWhatsAppRules" name="test_patch_and_recreate" time="0.319" /><testcase classname="tests.test_iteration_8.TestPrompts" name="test_resolve_global_co" time="0.112" /><testcase classname="tests.test_iteration_8.TestPrompts" name="test_resolve_global_ec" time="0.105" /><testcase classname="tests.test_iteration_8.TestPrompts" name="test_patch_deactivate_and_delete" time="0.380" /><testcase classname="tests.test_iteration_8.TestWhatsAppRules" name="test_templates_proxy" time="0.485" /><testcase classname="tests.test_iteration_8.TestPrompts" name="test_generate_prompt" time="0.938" /><testcase classname="tests.test_iteration_8.TestTelnyx" name="test_config_masked" time="0.111" /><testcase classname="tests.test_iteration_8.TestTelnyx" name="test_register_missing_env" time="0.131" /><testcase classname="tests.test_iteration_8.TestRegression" name="test_products_match_promo" time="0.103" /></testsuite></testsuites>