<?xml version="1.0" encoding="utf-8"?><testsuites name="pytest tests"><testsuite name="pytest" errors="0" failures="0" skipped="0" tests="17" time="2.536" timestamp="2026-07-29T13:37:41.332757+00:00" hostname="agent-env-979f7527-2f43-4aef-9666-16efaba9b808"><testcase classname="tests.test_iteration_16.TestAuthMigration" name="test_queue_with_cookie_only" time="0.441" /><testcase classname="tests.test_iteration_16.TestAuthMigration" name="test_queue_without_anything" time="0.105" /><testcase classname="tests.test_iteration_16.TestAuthMigration" name="test_queue_with_legacy_key" time="0.100" /><testcase classname="tests.test_iteration_16.TestAuthMigration" name="test_orders_with_cookie" time="0.046" /><testcase classname="tests.test_iteration_16.TestAuthMigration" name="test_orders_without_anything" time="0.115" /><testcase classname="tests.test_iteration_16.TestAuthMigration" name="test_orchestrate_with_cookie" time="0.047" /><testcase classname="tests.test_iteration_16.TestAuthMigration" name="test_orchestrate_without_anything" time="0.266" /><testcase classname="tests.test_iteration_16.TestCascade" name="test_red_this_week" time="0.056" /><testcase classname="tests.test_iteration_16.TestCascade" name="test_new_today" time="0.051" /><testcase classname="tests.test_iteration_16.TestCascade" name="test_office_all" time="0.057" /><testcase classname="tests.test_iteration_16.TestCascade" name="test_bogus_segment" time="0.062" /><testcase classname="tests.test_iteration_16.TestScheduler" name="test_ceo_report_run_now_and_get" time="0.099" /><testcase classname="tests.test_iteration_16.TestScheduler" name="test_novedades_ticks" time="0.045" /><testcase classname="tests.test_iteration_16.TestRegression" name="test_login_and_me" time="0.374" /><testcase classname="tests.test_iteration_16.TestRegression" name="test_login_bad_password" time="0.323" /><testcase classname="tests.test_iteration_16.TestRegression" name="test_google_session_bogus" time="0.224" /><testcase classname="tests.test_iteration_16.TestRegression" name="test_agents_list" time="0.048" /></testsuite></testsuites>