<?xml version="1.0" encoding="utf-8"?><testsuites name="pytest tests"><testsuite name="pytest" errors="0" failures="0" skipped="0" tests="10" time="5.188" timestamp="2026-07-29T21:25:34.526261+00:00" hostname="agent-env-979f7527-2f43-4aef-9666-16efaba9b808"><testcase classname="tests.test_iteration_17" name="test_auth_me" time="0.792" /><testcase classname="tests.test_iteration_17" name="test_agents_list" time="0.050" /><testcase classname="tests.test_iteration_17" name="test_cascade_red" time="0.056" /><testcase classname="tests.test_iteration_17" name="test_queue_and_metrics" time="0.119" /><testcase classname="tests.test_iteration_17" name="test_target_reset_empty" time="0.104" /><testcase classname="tests.test_iteration_17" name="test_send_wa_400_without_target" time="0.096" /><testcase classname="tests.test_iteration_17" name="test_put_and_get_target" time="0.099" /><testcase classname="tests.test_iteration_17" name="test_send_wa_returns_200_with_target" time="1.312" /><testcase classname="tests.test_iteration_17" name="test_message_log_ceo_report_kind" time="1.695" /><testcase classname="tests.test_iteration_17" name="test_scheduler_has_4_jobs" time="0.007" /></testsuite></testsuites>