<?xml version="1.0" encoding="utf-8"?><testsuites name="pytest tests"><testsuite name="pytest" errors="1" failures="0" skipped="0" tests="13" time="3.697" timestamp="2026-07-21T22:28:42.631854+00:00" hostname="agent-env-979f7527-2f43-4aef-9666-16efaba9b808"><testcase classname="" name="tests.test_dropi_import" time="0.000"><error message="collection failure">ImportError while importing test module '/app/backend/tests/test_dropi_import.py'.
Hint: make sure your test modules/packages have valid Python names.
Traceback:
/usr/local/lib/python3.11/importlib/__init__.py:126: in import_module
    return _bootstrap._gcd_import(name[level:], package, level)
           ^^^^^^^^^^^^^^^^^^^^^^^^^^^^^^^^^^^^^^^^^^^^^^^^^^^^
backend/tests/test_dropi_import.py:18: in &lt;module&gt;
    from dropi_import import parse_sheet, detect_column_map, normalize_carrier
E   ModuleNotFoundError: No module named 'dropi_import'</error></testcase><testcase classname="tests.test_launch_round.TestVipFunnel" name="test_public_config" time="0.287" /><testcase classname="tests.test_launch_round.TestProducts" name="test_list_seeded" time="0.282" /><testcase classname="tests.test_launch_round.TestProducts" name="test_match_protector" time="0.105" /><testcase classname="tests.test_launch_round.TestVipFunnel" name="test_public_create_lead" time="1.303" /><testcase classname="tests.test_launch_round.TestProducts" name="test_match_colcha" time="0.106" /><testcase classname="tests.test_launch_round.TestProducts" name="test_crud_product" time="0.697" /><testcase classname="tests.test_launch_round.TestOrderPromptVars" name="test_prompt_vars_include_promo_fields" time="0.278" /><testcase classname="tests.test_launch_round.TestPublicNoKey" name="test_vip_leads_post_no_key" time="1.402" /><testcase classname="tests.test_launch_round.TestVipFunnel" name="test_admin_list_shows_lead" time="0.134" /><testcase classname="tests.test_launch_round.TestVipFunnel" name="test_admin_patch_status" time="0.100" /><testcase classname="tests.test_launch_round.TestVipFunnel" name="test_admin_export_xlsx" time="0.149" /><testcase classname="tests.test_launch_round.TestVipFunnel" name="test_admin_delete_lead" time="0.228" /></testsuite></testsuites>