<?xml version="1.0" encoding="utf-8"?><testsuites name="pytest tests"><testsuite name="pytest" errors="0" failures="0" skipped="0" tests="7" time="1.591" timestamp="2026-07-29T22:13:30.524400+00:00" hostname="agent-env-979f7527-2f43-4aef-9666-16efaba9b808"><testcase classname="tests.test_iteration_19" name="test_auth_me" time="0.525" /><testcase classname="tests.test_iteration_19" name="test_config_providers_includes_dropi_and_shopify" time="0.049" /><testcase classname="tests.test_iteration_19" name="test_shopify_save_and_test_and_cleanup" time="0.430" /><testcase classname="tests.test_iteration_19" name="test_dropi_test_endpoint_shape" time="0.084" /><testcase classname="tests.test_iteration_19" name="test_agents_list_five" time="0.051" /><testcase classname="tests.test_iteration_19" name="test_cascade_processed_zero" time="0.056" /><testcase classname="tests.test_iteration_19" name="test_whatsapp_rules_three" time="0.053" /></testsuite></testsuites>