<?xml version="1.0" encoding="utf-8"?><testsuites name="pytest tests"><testsuite name="pytest" errors="0" failures="1" skipped="0" tests="16" time="5.042" timestamp="2026-07-30T16:01:18.268717+00:00" hostname="agent-env-979f7527-2f43-4aef-9666-16efaba9b808"><testcase classname="tests.test_iteration_20" name="test_auth_login_me_logout" time="0.756" /><testcase classname="tests.test_iteration_20" name="test_agents_still_5" time="0.486" /><testcase classname="tests.test_iteration_20" name="test_whatsapp_rules_3_templates" time="0.066" /><testcase classname="tests.test_iteration_20" name="test_config_providers_has_dropi_shopify" time="0.074" /><testcase classname="tests.test_iteration_20" name="test_agents_cascade_empty_db" time="0.073"><failure message="assert 422 in (200, 201)&#10; +  where 422 = &lt;Response [422]&gt;.status_code">backend/tests/test_iteration_20.py:63: in test_agents_cascade_empty_db
    assert r.status_code in (200, 201)
E   assert 422 in (200, 201)
E    +  where 422 = &lt;Response [422]&gt;.status_code</failure></testcase><testcase classname="tests.test_iteration_20" name="test_profile_get_org" time="0.069" /><testcase classname="tests.test_iteration_20" name="test_profile_update_nombre" time="0.131" /><testcase classname="tests.test_iteration_20" name="test_password_wrong_current" time="0.300" /><testcase classname="tests.test_iteration_20" name="test_password_change_and_revert" time="1.046" /><testcase classname="tests.test_iteration_20" name="test_avatar_upload_delete" time="0.122" /><testcase classname="tests.test_iteration_20" name="test_feedback_bad_payload" time="0.124" /><testcase classname="tests.test_iteration_20" name="test_feedback_submit_and_count" time="0.263" /><testcase classname="tests.test_iteration_20" name="test_zero_demo_collections" time="0.006" /><testcase classname="tests.test_iteration_20" name="test_no_products_seed_in_server" time="0.000" /><testcase classname="tests.test_iteration_20" name="test_favicon_and_lyan_assets" time="0.897" /><testcase classname="tests.test_iteration_20" name="test_index_title_and_icons" time="0.232" /></testsuite></testsuites>