<?xml version="1.0" encoding="utf-8"?><testsuites name="pytest tests"><testsuite name="pytest" errors="1" failures="0" skipped="0" tests="8" time="1.694" timestamp="2026-07-22T13:15:29.806554+00:00" hostname="agent-env-979f7527-2f43-4aef-9666-16efaba9b808"><testcase classname="" name="tests.test_dropi_import" time="0.000"><error message="collection failure">ImportError while importing test module '/app/backend/tests/test_dropi_import.py'.
Hint: make sure your test modules/packages have valid Python names.
Traceback:
/usr/local/lib/python3.11/importlib/__init__.py:126: in import_module
    return _bootstrap._gcd_import(name[level:], package, level)
           ^^^^^^^^^^^^^^^^^^^^^^^^^^^^^^^^^^^^^^^^^^^^^^^^^^^^
backend/tests/test_dropi_import.py:18: in &lt;module&gt;
    from dropi_import import parse_sheet, detect_column_map, normalize_carrier
E   ModuleNotFoundError: No module named 'dropi_import'</error></testcase><testcase classname="tests.test_iteration_12.TestOnboardingEndpoint" name="test_shape" time="0.271" /><testcase classname="tests.test_iteration_12.TestRegressionSuite" name="test_credentials_lists_9_no_plaintext" time="0.270" /><testcase classname="tests.test_iteration_12.TestRegressionSuite" name="test_prompts_seeded_6_blocks" time="0.170" /><testcase classname="tests.test_iteration_12.TestOnboardingEndpoint" name="test_dropi_always_connected" time="0.113" /><testcase classname="tests.test_iteration_12.TestOnboardingEndpoint" name="test_minimum_ok_logic" time="0.525" /><testcase classname="tests.test_iteration_12.TestRegressionSuite" name="test_whatsapp_window" time="0.114" /><testcase classname="tests.test_iteration_12.TestCleanup" name="test_cleanup" time="0.222" /></testsuite></testsuites>