<?xml version="1.0" encoding="utf-8"?><testsuites name="pytest tests"><testsuite name="pytest" errors="0" failures="2" skipped="0" tests="16" time="2.698" timestamp="2026-07-21T22:51:09.591061+00:00" hostname="agent-env-979f7527-2f43-4aef-9666-16efaba9b808"><testcase classname="tests.test_iteration_8.TestWhatsAppRules" name="test_list_seeded" time="0.236" /><testcase classname="tests.test_iteration_8.TestPrompts" name="test_list_seeded" time="0.213" /><testcase classname="tests.test_iteration_8.TestPrompts" name="test_create_campaign_prompt" time="0.232" /><testcase classname="tests.test_iteration_8.TestWhatsAppRules" name="test_resolve_reclamo" time="0.181" /><testcase classname="tests.test_iteration_8.TestWhatsAppRules" name="test_resolve_no_oficina" time="0.117" /><testcase classname="tests.test_iteration_8.TestPrompts" name="test_resolve_campaign_wins" time="0.104" /><testcase classname="tests.test_iteration_8.TestWhatsAppRules" name="test_resolve_extreme" time="0.106" /><testcase classname="tests.test_iteration_8.TestPrompts" name="test_resolve_global_co" time="0.126" /><testcase classname="tests.test_iteration_8.TestWhatsAppRules" name="test_patch_and_recreate" time="0.363" /><testcase classname="tests.test_iteration_8.TestPrompts" name="test_resolve_global_ec" time="0.123" /><testcase classname="tests.test_iteration_8.TestPrompts" name="test_patch_deactivate_and_delete" time="0.461" /><testcase classname="tests.test_iteration_8.TestWhatsAppRules" name="test_templates_proxy" time="0.544" /><testcase classname="tests.test_iteration_8.TestPrompts" name="test_generate_prompt" time="0.953"><failure message="AssertionError: system_prompt must contain 'antifluido'&#10;assert 'antifluido' in 'hola, ¿habla con {customer_first_name}? soy sofía, estoy llamando de parte de nuestra tienda en línea. queremos informarle que su pedido de {product_name} está represado en la oficina de {carrier_name} en {city}, ubicada en {office_address}. es importante que lo recoja lo antes posible, ya que solo quedan {days_left} días, es decir, hasta {deadline_text}, antes de que sea devuelto. ¿podría decirme en qué fecha exacta planea recoger su pedido?'">backend/tests/test_iteration_8.py:98: in test_generate_prompt
    assert "antifluido" in sp, "system_prompt must contain 'antifluido'"
E   AssertionError: system_prompt must contain 'antifluido'
E   assert 'antifluido' in 'hola, ¿habla con {customer_first_name}? soy sofía, estoy llamando de parte de nuestra tienda en línea. queremos informarle que su pedido de {product_name} está represado en la oficina de {carrier_name} en {city}, ubicada en {office_address}. es importante que lo recoja lo antes posible, ya que solo quedan {days_left} días, es decir, hasta {deadline_text}, antes de que sea devuelto. ¿podría decirme en qué fecha exacta planea recoger su pedido?'</failure></testcase><testcase classname="tests.test_iteration_8.TestTelnyx" name="test_config_masked" time="0.109" /><testcase classname="tests.test_iteration_8.TestTelnyx" name="test_register_missing_env" time="0.115" /><testcase classname="tests.test_iteration_8.TestRegression" name="test_products_match_promo" time="0.119"><failure message="AssertionError: missing protector in {'matched': False, 'promotion': None, 'product': None, 'haystack': ''}&#10;assert ('antifluido' in &quot;{'matched': false, 'promotion': none, 'product': none, 'haystack': ''}&quot; or 'protector' in &quot;{'matched': false, 'promotion': none, 'product': none, 'haystack': ''}&quot;)">backend/tests/test_iteration_8.py:199: in test_products_match_promo
    assert "antifluido" in s or "protector" in s, f"missing protector in {j}"
E   AssertionError: missing protector in {'matched': False, 'promotion': None, 'product': None, 'haystack': ''}
E   assert ('antifluido' in "{'matched': false, 'promotion': none, 'product': none, 'haystack': ''}" or 'protector' in "{'matched': false, 'promotion': none, 'product': none, 'haystack': ''}")</failure></testcase></testsuite></testsuites>