<?xml version="1.0" encoding="utf-8"?><testsuites name="pytest tests"><testsuite name="pytest" errors="0" failures="0" skipped="0" tests="12" time="2.963" timestamp="2026-07-21T22:16:05.313561+00:00" hostname="agent-env-979f7527-2f43-4aef-9666-16efaba9b808"><testcase classname="tests.test_launch_round.TestProducts" name="test_list_seeded" time="0.184" /><testcase classname="tests.test_launch_round.TestVipFunnel" name="test_public_config" time="0.257" /><testcase classname="tests.test_launch_round.TestProducts" name="test_match_protector" time="0.123" /><testcase classname="tests.test_launch_round.TestVipFunnel" name="test_public_create_lead" time="1.355" /><testcase classname="tests.test_launch_round.TestProducts" name="test_match_colcha" time="0.119" /><testcase classname="tests.test_launch_round.TestProducts" name="test_crud_product" time="0.573" /><testcase classname="tests.test_launch_round.TestOrderPromptVars" name="test_prompt_vars_include_promo_fields" time="0.253" /><testcase classname="tests.test_launch_round.TestPublicNoKey" name="test_vip_leads_post_no_key" time="1.375" /><testcase classname="tests.test_launch_round.TestVipFunnel" name="test_admin_list_shows_lead" time="0.220" /><testcase classname="tests.test_launch_round.TestVipFunnel" name="test_admin_patch_status" time="0.112" /><testcase classname="tests.test_launch_round.TestVipFunnel" name="test_admin_export_xlsx" time="0.325" /><testcase classname="tests.test_launch_round.TestVipFunnel" name="test_admin_delete_lead" time="0.224" /></testsuite></testsuites>