<?xml version="1.0" encoding="utf-8"?><testsuites name="pytest tests"><testsuite name="pytest" errors="0" failures="0" skipped="0" tests="25" time="8.634" timestamp="2026-07-21T16:36:05.588070+00:00" hostname="agent-env-979f7527-2f43-4aef-9666-16efaba9b808"><testcase classname="tests.test_hub" name="test_health_public" time="0.248" /><testcase classname="tests.test_hub" name="test_carriers_requires_key" time="0.147" /><testcase classname="tests.test_hub" name="test_carriers_list" time="0.134" /><testcase classname="tests.test_hub" name="test_office_status_envia_rojo" time="0.105" /><testcase classname="tests.test_hub" name="test_office_status_servientrega_verde" time="0.120" /><testcase classname="tests.test_hub" name="test_office_status_99minutos_gris" time="0.102" /><testcase classname="tests.test_hub" name="test_orders_create_list_get" time="0.957" /><testcase classname="tests.test_hub" name="test_queue_enrichment_fields" time="0.132" /><testcase classname="tests.test_hub" name="test_queue_sandra_rojo" time="0.000" /><testcase classname="tests.test_hub" name="test_queue_carlos_verde" time="0.000" /><testcase classname="tests.test_hub" name="test_queue_maria_gris" time="0.000" /><testcase classname="tests.test_hub" name="test_cadence_envia_compressed" time="0.105" /><testcase classname="tests.test_hub" name="test_cadence_servientrega_spread" time="0.128" /><testcase classname="tests.test_hub" name="test_cadence_get" time="0.141" /><testcase classname="tests.test_hub" name="test_attempt_result_confirmado_stops" time="0.851" /><testcase classname="tests.test_hub" name="test_attempt_result_no_contesta_x3_whatsapp" time="1.176" /><testcase classname="tests.test_hub" name="test_attempt_result_numero_incorrecto_task" time="0.841" /><testcase classname="tests.test_hub" name="test_whatsapp_send_never_crashes" time="0.145" /><testcase classname="tests.test_hub" name="test_tasks_crud" time="0.569" /><testcase classname="tests.test_hub" name="test_metrics_keys" time="0.114" /><testcase classname="tests.test_hub" name="test_translate_es_to_en" time="0.307" /><testcase classname="tests.test_hub" name="test_webhook_chatea_no_auth_sets_ya_recogio" time="0.328" /><testcase classname="tests.test_hub" name="test_webhook_vapi_confirmado" time="0.790" /><testcase classname="tests.test_hub" name="test_connectors_list_and_tests" time="0.430" /><testcase classname="tests.test_hub" name="test_docs_html" time="0.226" /></testsuite></testsuites>