<?xml version="1.0" encoding="utf-8"?><testsuites name="pytest tests"><testsuite name="pytest" errors="0" failures="0" skipped="0" tests="24" time="13.254" timestamp="2026-07-21T20:16:09.364066+00:00" hostname="agent-env-979f7527-2f43-4aef-9666-16efaba9b808"><testcase classname="tests.test_hub_v13" name="test_health_public_no_key" time="0.168" /><testcase classname="tests.test_hub_v13" name="test_auth_guard[/carriers]" time="0.249" /><testcase classname="tests.test_hub_v13" name="test_auth_guard[/queue]" time="0.278" /><testcase classname="tests.test_hub_v13" name="test_auth_guard[/orders]" time="0.234" /><testcase classname="tests.test_hub_v13" name="test_auth_guard[/metrics]" time="0.241" /><testcase classname="tests.test_hub_v13" name="test_voices_seed_exactly_6" time="0.118" /><testcase classname="tests.test_hub_v13" name="test_voices_default_co" time="0.103" /><testcase classname="tests.test_hub_v13" name="test_voices_default_ec" time="0.116" /><testcase classname="tests.test_hub_v13" name="test_elevenlabs_available" time="0.224" /><testcase classname="tests.test_hub_v13" name="test_tts_preview_success" time="0.925" /><testcase classname="tests.test_hub_v13" name="test_tts_preview_invalid_voice_returns_502" time="0.211" /><testcase classname="tests.test_hub_v13" name="test_metrics_top_keys" time="0.118" /><testcase classname="tests.test_hub_v13" name="test_metrics_norte" time="0.000" /><testcase classname="tests.test_hub_v13" name="test_metrics_funnel" time="0.000" /><testcase classname="tests.test_hub_v13" name="test_metrics_whatsapp" time="0.000" /><testcase classname="tests.test_hub_v13" name="test_metrics_operacion" time="0.000" /><testcase classname="tests.test_hub_v13" name="test_metrics_costos" time="0.000" /><testcase classname="tests.test_hub_v13" name="test_metrics_trend" time="0.000" /><testcase classname="tests.test_hub_v13" name="test_metrics_filters_country" time="0.123" /><testcase classname="tests.test_hub_v13" name="test_metrics_filters_carrier" time="0.113" /><testcase classname="tests.test_hub_v13" name="test_chatea_pro_test" time="0.425" /><testcase classname="tests.test_hub_v13" name="test_agent_run_get_queue" time="8.911" /><testcase classname="tests.test_hub_v13" name="test_novedades_18" time="0.196" /><testcase classname="tests.test_hub_v13" name="test_skills_4" time="0.161" /></testsuite></testsuites>