<?xml version="1.0" encoding="utf-8"?><testsuites name="pytest tests"><testsuite name="pytest" errors="0" failures="0" skipped="0" tests="19" time="13.996" timestamp="2026-07-21T20:33:50.439976+00:00" hostname="agent-env-979f7527-2f43-4aef-9666-16efaba9b808"><testcase classname="tests.test_hub_v14" name="test_llm_providers_list" time="0.161" /><testcase classname="tests.test_hub_v14" name="test_llm_ping_groq" time="0.324" /><testcase classname="tests.test_hub_v14" name="test_llm_ping_mistral" time="1.856" /><testcase classname="tests.test_hub_v14" name="test_llm_ping_gemini" time="0.490" /><testcase classname="tests.test_hub_v14" name="test_agent_run_with_override_groq" time="1.566" /><testcase classname="tests.test_hub_v14" name="test_agent_run_auto_routing" time="2.848" /><testcase classname="tests.test_hub_v14" name="test_chatea_delivered_event" time="0.960" /><testcase classname="tests.test_hub_v14" name="test_chatea_inbound_ya_recogio" time="0.863" /><testcase classname="tests.test_hub_v14" name="test_chatea_optout" time="0.700" /><testcase classname="tests.test_hub_v14" name="test_twilio_completed_attaches_sid_and_duration" time="1.062" /><testcase classname="tests.test_hub_v14" name="test_twilio_no_answer_marks_result" time="0.230" /><testcase classname="tests.test_hub_v14" name="test_elevenlabs_confirmed_advances_queue" time="1.096" /><testcase classname="tests.test_hub_v14" name="test_elevenlabs_wrong_number_maps" time="0.719" /><testcase classname="tests.test_hub_v14" name="test_webhooks_events_returns_list" time="0.108" /><testcase classname="tests.test_hub_v14" name="test_chatea_no_signature_accepted_when_secret_blank" time="0.113" /><testcase classname="tests.test_hub_v14" name="test_regression_health" time="0.130" /><testcase classname="tests.test_hub_v14" name="test_regression_voices_6" time="0.116" /><testcase classname="tests.test_hub_v14" name="test_regression_novedades_18" time="0.111" /><testcase classname="tests.test_hub_v14" name="test_regression_metrics_top_keys" time="0.167" /></testsuite></testsuites>