<?xml version="1.0" encoding="utf-8"?><testsuites name="pytest tests"><testsuite name="pytest" errors="0" failures="0" skipped="0" tests="14" time="2.129" timestamp="2026-07-21T21:26:30.460573+00:00" hostname="agent-env-979f7527-2f43-4aef-9666-16efaba9b808"><testcase classname="tests.test_hub_v15.TestSipConfig" name="test_requires_api_key" time="0.257" /><testcase classname="tests.test_hub_v15.TestRegressions" name="test_health" time="0.665" /><testcase classname="tests.test_hub_v15.TestSipConfig" name="test_config_shape_and_no_leak" time="0.116" /><testcase classname="tests.test_hub_v15.TestSipTest" name="test_requires_api_key" time="0.148" /><testcase classname="tests.test_hub_v15.TestSipTest" name="test_reports_all_missing_env" time="0.109" /><testcase classname="tests.test_hub_v15.TestSipRegister" name="test_no_body_no_env_returns_400" time="0.116" /><testcase classname="tests.test_hub_v15.TestRegressions" name="test_queue" time="0.151" /><testcase classname="tests.test_hub_v15.TestSipRegister" name="test_body_with_fake_creds_returns_502" time="0.303" /><testcase classname="tests.test_hub_v15.TestRegressions" name="test_voices_still_six" time="0.099" /><testcase classname="tests.test_hub_v15.TestRegressions" name="test_metrics" time="0.197" /><testcase classname="tests.test_hub_v15.TestCallTest" name="test_no_sip_registered_returns_400" time="0.128" /><testcase classname="tests.test_hub_v15.TestRegressions" name="test_webhooks_events" time="0.116" /><testcase classname="tests.test_hub_v15.TestCallTest" name="test_agent_id_missing_after_insert" time="0.130" /><testcase classname="tests.test_hub_v15.TestListNumbers" name="test_list_includes_didww_sip" time="0.118" /></testsuite></testsuites>